This file contains any messages produced by compilers while
running configure, to aid debugging if configure makes a mistake.

It was created by md5 configure 1.3.0, which was
generated by GNU Autoconf 2.61.  Invocation command line was

  $ ./configure 

## --------- ##
## Platform. ##
## --------- ##

hostname = SimondeMacBook-Pro.local
uname -m = x86_64
uname -r = 14.0.0
uname -s = Darwin
uname -v = Darwin Kernel Version 14.0.0: Fri Sep 19 00:26:44 PDT 2014; root:xnu-2782.1.97~2/RELEASE_X86_64

/usr/bin/uname -p = i386
/bin/uname -X     = unknown

/bin/arch              = unknown
/usr/bin/arch -k       = unknown
/usr/convex/getsysinfo = unknown
/usr/bin/hostinfo      = Mach kernel version:
	 Darwin Kernel Version 14.0.0: Fri Sep 19 00:26:44 PDT 2014; root:xnu-2782.1.97~2/RELEASE_X86_64
Kernel configured for up to 4 processors.
2 processors are physically available.
4 processors are logically available.
Processor type: x86_64h (Intel x86-64h Haswell)
Processors active: 0 1 2 3
Primary memory available: 8.00 gigabytes
Default processor set: 279 tasks, 1082 threads, 4 processors
Load average: 1.75, Mach factor: 2.23
/bin/machine           = unknown
/usr/bin/oslevel       = unknown
/bin/universe          = unknown

PATH: /usr/local/bin
PATH: /usr/bin
PATH: /bin
PATH: /usr/sbin
PATH: /sbin


## ----------- ##
## Core tests. ##
## ----------- ##

configure:1658: configurations for the md5 library
configure:1712: checking for gcc
configure:1728: found /usr/bin/gcc
configure:1739: result: gcc
configure:1977: checking for C compiler version
configure:1984: gcc --version >&5
Configured with: --prefix=/Applications/Xcode.app/Contents/Developer/usr --with-gxx-include-dir=/usr/include/c++/4.2.1
Apple LLVM version 6.0 (clang-600.0.54) (based on LLVM 3.5svn)
Target: x86_64-apple-darwin14.0.0
Thread model: posix
configure:1987: $? = 0
configure:1994: gcc -v >&5
Configured with: --prefix=/Applications/Xcode.app/Contents/Developer/usr --with-gxx-include-dir=/usr/include/c++/4.2.1
Apple LLVM version 6.0 (clang-600.0.54) (based on LLVM 3.5svn)
Target: x86_64-apple-darwin14.0.0
Thread model: posix
configure:1997: $? = 0
configure:2004: gcc -V >&5
clang: error: argument to '-V' is missing (expected 1 value)
clang: error: no input files
configure:2007: $? = 1
configure:2030: checking for C compiler default output file name
configure:2057: gcc    conftest.c  >&5
configure:2060: $? = 0
configure:2098: result: a.out
configure:2115: checking whether the C compiler works
configure:2125: ./a.out
configure:2128: $? = 0
configure:2145: result: yes
configure:2152: checking whether we are cross compiling
configure:2154: result: no
configure:2157: checking for suffix of executables
configure:2164: gcc -o conftest    conftest.c  >&5
configure:2167: $? = 0
configure:2191: result: 
configure:2197: checking for suffix of object files
configure:2223: gcc -c   conftest.c >&5
configure:2226: $? = 0
configure:2249: result: o
configure:2253: checking whether we are using the GNU C compiler
configure:2282: gcc -c   conftest.c >&5
configure:2288: $? = 0
configure:2305: result: yes
configure:2310: checking whether gcc accepts -g
configure:2340: gcc -c -g  conftest.c >&5
configure:2346: $? = 0
configure:2445: result: yes
configure:2462: checking for gcc option to accept ISO C89
configure:2536: gcc  -c -g -O2  conftest.c >&5
configure:2542: $? = 0
configure:2565: result: none needed
configure:2628: checking for a BSD-compatible install
configure:2684: result: /usr/bin/install -c
configure:2738: checking for ranlib
configure:2754: found /usr/bin/ranlib
configure:2765: result: ranlib
configure:2799: checking how to run the C preprocessor
configure:2839: gcc -E  conftest.c
configure:2845: $? = 0
configure:2876: gcc -E  conftest.c
conftest.c:8:10: fatal error: 'ac_nonexistent.h' file not found
#include <ac_nonexistent.h>
         ^
1 error generated.
configure:2882: $? = 1
configure: failed program was:
| /* confdefs.h.  */
| #define PACKAGE_NAME "md5"
| #define PACKAGE_TARNAME "md5"
| #define PACKAGE_VERSION "1.3.0"
| #define PACKAGE_STRING "md5 1.3.0"
| #define PACKAGE_BUGREPORT "http://256.com/sources/md5/"
| /* end confdefs.h.  */
| #include <ac_nonexistent.h>
configure:2915: result: gcc -E
configure:2944: gcc -E  conftest.c
configure:2950: $? = 0
configure:2981: gcc -E  conftest.c
conftest.c:8:10: fatal error: 'ac_nonexistent.h' file not found
#include <ac_nonexistent.h>
         ^
1 error generated.
configure:2987: $? = 1
configure: failed program was:
| /* confdefs.h.  */
| #define PACKAGE_NAME "md5"
| #define PACKAGE_TARNAME "md5"
| #define PACKAGE_VERSION "1.3.0"
| #define PACKAGE_STRING "md5 1.3.0"
| #define PACKAGE_BUGREPORT "http://256.com/sources/md5/"
| /* end confdefs.h.  */
| #include <ac_nonexistent.h>
configure:3025: checking for grep that handles long lines and -e
configure:3099: result: /usr/bin/grep
configure:3104: checking for egrep
configure:3182: result: /usr/bin/grep -E
configure:3187: checking for ANSI C header files
configure:3217: gcc -c -g -O2  conftest.c >&5
configure:3223: $? = 0
configure:3322: gcc -o conftest -g -O2   conftest.c  >&5
configure:3325: $? = 0
configure:3331: ./conftest
configure:3334: $? = 0
configure:3351: result: yes
configure:3367: checking endian-ness
configure:3393: gcc -o conftest -g -O2   conftest.c  >&5
configure:3396: $? = 0
configure:3402: ./conftest
configure:3405: $? = 0
configure:3410: result: little
configure:3531: creating ./config.status

## ---------------------- ##
## Running config.status. ##
## ---------------------- ##

This file was extended by md5 config.status 1.3.0, which was
generated by GNU Autoconf 2.61.  Invocation command line was

  CONFIG_FILES    = 
  CONFIG_HEADERS  = 
  CONFIG_LINKS    = 
  CONFIG_COMMANDS = 
  $ ./config.status 

on SimondeMacBook-Pro.local

config.status:596: creating Makefile
config.status:596: creating conf.h
config.status:806: conf.h is unchanged
configure:4532: 
configure:4534: To run the library tests, type in:
configure:4536:   make tests
configure:4538: 

## ---------------- ##
## Cache variables. ##
## ---------------- ##

ac_cv_c_compiler_gnu=yes
ac_cv_env_CC_set=
ac_cv_env_CC_value=
ac_cv_env_CFLAGS_set=
ac_cv_env_CFLAGS_value=
ac_cv_env_CPPFLAGS_set=
ac_cv_env_CPPFLAGS_value=
ac_cv_env_CPP_set=
ac_cv_env_CPP_value=
ac_cv_env_LDFLAGS_set=
ac_cv_env_LDFLAGS_value=
ac_cv_env_LIBS_set=
ac_cv_env_LIBS_value=
ac_cv_env_build_alias_set=
ac_cv_env_build_alias_value=
ac_cv_env_host_alias_set=
ac_cv_env_host_alias_value=
ac_cv_env_target_alias_set=
ac_cv_env_target_alias_value=
ac_cv_header_stdc=yes
ac_cv_objext=o
ac_cv_path_EGREP='/usr/bin/grep -E'
ac_cv_path_GREP=/usr/bin/grep
ac_cv_path_install='/usr/bin/install -c'
ac_cv_prog_CPP='gcc -E'
ac_cv_prog_ac_ct_CC=gcc
ac_cv_prog_ac_ct_RANLIB=ranlib
ac_cv_prog_cc_c89=
ac_cv_prog_cc_g=yes

## ----------------- ##
## Output variables. ##
## ----------------- ##

CC='gcc'
CFLAGS='-g -O2'
CPP='gcc -E'
CPPFLAGS=''
DEFS='-DHAVE_CONFIG_H'
ECHO_C='ECHO_N=''
ECHO_T=''
EGREP='/usr/bin/grep -E'
EXEEXT=''
GREP='/usr/bin/grep'
INSTALL_DATA='${INSTALL} -m 644'
INSTALL_PROGRAM='${INSTALL}'
INSTALL_SCRIPT='${INSTALL}'
LDFLAGS=''
LIBOBJS=''
LIBS=''
LTLIBOBJS=''
OBJEXT='o'
PACKAGE_BUGREPORT='http://256.com/sources/md5/'
PACKAGE_NAME='md5'
PACKAGE_STRING='md5 1.3.0'
PACKAGE_TARNAME='md5'
PACKAGE_VERSION='1.3.0'
PATH_SEPARATOR=':'
RANLIB='ranlib'
SHELL='/bin/sh'
ac_ct_CC='gcc'
bindir='${exec_prefix}/bin'
build_alias=''
datadir='${datarootdir}'
datarootdir='${prefix}/share'
docdir='${datarootdir}/doc/${PACKAGE_TARNAME}'
dvidir='${docdir}'
exec_prefix='${prefix}'
host_alias=''
htmldir='${docdir}'
includedir='${prefix}/include'
infodir='${datarootdir}/info'
libdir='${exec_prefix}/lib'
libexecdir='${exec_prefix}/libexec'
localedir='${datarootdir}/locale'
localstatedir='${prefix}/var'
mandir='${datarootdir}/man'
oldincludedir='/usr/include'
pdfdir='${docdir}'
prefix='/usr/local'
program_transform_name='s,x,x,'
psdir='${docdir}'
sbindir='${exec_prefix}/sbin'
sharedstatedir='${prefix}/com'
sysconfdir='${prefix}/etc'
target_alias=''

## ----------- ##
## confdefs.h. ##
## ----------- ##

#define PACKAGE_NAME "md5"
#define PACKAGE_TARNAME "md5"
#define PACKAGE_VERSION "1.3.0"
#define PACKAGE_STRING "md5 1.3.0"
#define PACKAGE_BUGREPORT "http://256.com/sources/md5/"
#define STDC_HEADERS 1
#define MD5_BIG_ENDIAN 0

configure: exit 0
